0 info it worked if it ends with ok
1 verbose cli [ 'node', '/usr/local/bin/npm', 'start' ]
2 info using npm@3.6.0
3 info using node@v0.12.2
4 verbose run-script [ 'prestart', 'start', 'poststart' ]
5 info lifecycle alpine-pulse-mapping@1.0.0~prestart: alpine-pulse-mapping@1.0.0
6 silly lifecycle alpine-pulse-mapping@1.0.0~prestart: no script for prestart, continuing
7 info lifecycle alpine-pulse-mapping@1.0.0~start: alpine-pulse-mapping@1.0.0
8 verbose lifecycle alpine-pulse-mapping@1.0.0~start: unsafe-perm in lifecycle true
9 verbose lifecycle alpine-pulse-mapping@1.0.0~start: PATH: /usr/local/lib/node_modules/npm/bin/node-gyp-bin:/Users/smusso/Dropbox/projects/alpine-pulse-mapping/node_modules/.bin:/Users/smusso/.gvm/springboot/current/bin:/Users/smusso/.gvm/lazybones/current/bin:/Users/smusso/.gvm/jbossforge/current/bin:/Users/smusso/.gvm/jbake/current/bin:/Users/smusso/.gvm/groovyserv/current/bin:/Users/smusso/.gvm/groovy/current/bin:/Users/smusso/.gvm/griffon/current/bin:/Users/smusso/.gvm/grails/current/bin:/Users/smusso/.gvm/gradle/current/bin:/Users/smusso/.gvm/glide/current/bin:/Users/smusso/.gvm/gaiden/current/bin:/Users/smusso/.gvm/crash/current/bin:/Users/smusso/.gvm/asciidoctorj/current/bin://anaconda/bin:/usr/local/bin:/usr/bin:/bin:/usr/sbin:/sbin:/opt/X11/bin:/opt/local/bin:/opt/local/sbin
10 verbose lifecycle alpine-pulse-mapping@1.0.0~start: CWD: /Users/smusso/Dropbox/projects/alpine-pulse-mapping
11 silly lifecycle alpine-pulse-mapping@1.0.0~start: Args: [ '-c', 'node server.js' ]
12 silly lifecycle alpine-pulse-mapping@1.0.0~start: Returned: code: 1  signal: null
13 info lifecycle alpine-pulse-mapping@1.0.0~start: Failed to exec start script
14 verbose stack Error: alpine-pulse-mapping@1.0.0 start: `node server.js`
14 verbose stack Exit status 1
14 verbose stack     at EventEmitter.<anonymous> (/usr/local/lib/node_modules/npm/lib/utils/lifecycle.js:232:16)
14 verbose stack     at EventEmitter.emit (events.js:110:17)
14 verbose stack     at ChildProcess.<anonymous> (/usr/local/lib/node_modules/npm/lib/utils/spawn.js:24:14)
14 verbose stack     at ChildProcess.emit (events.js:110:17)
14 verbose stack     at maybeClose (child_process.js:1015:16)
14 verbose stack     at Process.ChildProcess._handle.onexit (child_process.js:1087:5)
15 verbose pkgid alpine-pulse-mapping@1.0.0
16 verbose cwd /Users/smusso/Dropbox/projects/alpine-pulse-mapping
17 error Darwin 15.5.0
18 error argv "node" "/usr/local/bin/npm" "start"
19 error node v0.12.2
20 error npm  v3.6.0
21 error code ELIFECYCLE
22 error alpine-pulse-mapping@1.0.0 start: `node server.js`
22 error Exit status 1
23 error Failed at the alpine-pulse-mapping@1.0.0 start script 'node server.js'.
23 error Make sure you have the latest version of node.js and npm installed.
23 error If you do, this is most likely a problem with the alpine-pulse-mapping package,
23 error not with npm itself.
23 error Tell the author that this fails on your system:
23 error     node server.js
23 error You can get information on how to open an issue for this project with:
23 error     npm bugs alpine-pulse-mapping
23 error Or if that isn't available, you can get their info via:
23 error     npm owner ls alpine-pulse-mapping
23 error There is likely additional logging output above.
24 verbose exit [ 1, true ]
